2013/01/30 23:33:45 [error] [exception.CDbException] exception 'CDbException' with message 'CDbConnection failed to open the DB connection: SQLSTATE[42000] [1049] Unknown database 'book'' in /Applications/MAMP/htdocs/bdf1301/small_tiffany/yiiroot/framework/db/CDbConnection.php:381
Stack trace:
#0 /Applications/MAMP/htdocs/bdf1301/small_tiffany/yiiroot/framework/db/CDbConnection.php(330): CDbConnection->open()
#1 /Applications/MAMP/htdocs/bdf1301/small_tiffany/yiiroot/framework/db/CDbConnection.php(308): CDbConnection->setActive(true)
#2 /Applications/MAMP/htdocs/bdf1301/small_tiffany/yiiroot/framework/base/CModule.php(387): CDbConnection->init()
#3 /Applications/MAMP/htdocs/bdf1301/small_tiffany/yiiroot/framework/base/CModule.php(103): CModule->getComponent('db')
#4 /Applications/MAMP/htdocs/bdf1301/small_tiffany/yiiroot/framework/gii/generators/model/ModelCode.php(57): CModule->__get('db')
#5 /Applications/MAMP/htdocs/bdf1301/small_tiffany/yiiroot/framework/web/CFormModel.php(39): ModelCode->init()
#6 /Applications/MAMP/htdocs/bdf1301/small_tiffany/yiiroot/framework/gii/CCodeGenerator.php(153): CFormModel->__construct()
#7 /Applications/MAMP/htdocs/bdf1301/small_tiffany/yiiroot/framework/gii/CCodeGenerator.php(63): CCodeGenerator->prepare()
#8 /Applications/MAMP/htdocs/bdf1301/small_tiffany/yiiroot/framework/web/actions/CInlineAction.php(49): CCodeGenerator->actionIndex()
#9 /Applications/MAMP/htdocs/bdf1301/small_tiffany/yiiroot/framework/web/CController.php(308): CInlineAction->runWithParams(Array)
#10 /Applications/MAMP/htdocs/bdf1301/small_tiffany/yiiroot/framework/web/CController.php(286): CController->runAction(Object(CInlineAction))
#11 /Applications/MAMP/htdocs/bdf1301/small_tiffany/yiiroot/framework/web/CController.php(265): CController->runActionWithFilters(Object(CInlineAction), Array)
#12 /Applications/MAMP/htdocs/bdf1301/small_tiffany/yiiroot/framework/web/CWebApplication.php(282): CController->run('')
#13 /Applications/MAMP/htdocs/bdf1301/small_tiffany/yiiroot/framework/web/CWebApplication.php(141): CWebApplication->runController('gii/model')
#14 /Applications/MAMP/htdocs/bdf1301/small_tiffany/yiiroot/framework/base/CApplication.php(169): CWebApplication->processRequest()
#15 /Applications/MAMP/htdocs/bdf1301/small_tiffany/framework_read_data/index.php(13): CApplication->run()
#16 {main}
REQUEST_URI=/bdf1301/small_tiffany/framework_read_data/index.php?r=gii/model
HTTP_REFERER=http://localhost:8888/bdf1301/small_tiffany/framework_read_data/index.php?r=gii/model
---
2013/01/30 23:34:10 [error] [exception.CDbException] exception 'CDbException' with message 'CDbConnection failed to open the DB connection: SQLSTATE[42000] [1049] Unknown database 'book'' in /Applications/MAMP/htdocs/bdf1301/small_tiffany/yiiroot/framework/db/CDbConnection.php:381
Stack trace:
#0 /Applications/MAMP/htdocs/bdf1301/small_tiffany/yiiroot/framework/db/CDbConnection.php(330): CDbConnection->open()
#1 /Applications/MAMP/htdocs/bdf1301/small_tiffany/yiiroot/framework/db/CDbConnection.php(308): CDbConnection->setActive(true)
#2 /Applications/MAMP/htdocs/bdf1301/small_tiffany/yiiroot/framework/base/CModule.php(387): CDbConnection->init()
#3 /Applications/MAMP/htdocs/bdf1301/small_tiffany/yiiroot/framework/base/CModule.php(103): CModule->getComponent('db')
#4 /Applications/MAMP/htdocs/bdf1301/small_tiffany/yiiroot/framework/gii/generators/model/ModelCode.php(57): CModule->__get('db')
#5 /Applications/MAMP/htdocs/bdf1301/small_tiffany/yiiroot/framework/web/CFormModel.php(39): ModelCode->init()
#6 /Applications/MAMP/htdocs/bdf1301/small_tiffany/yiiroot/framework/gii/CCodeGenerator.php(153): CFormModel->__construct()
#7 /Applications/MAMP/htdocs/bdf1301/small_tiffany/yiiroot/framework/gii/CCodeGenerator.php(63): CCodeGenerator->prepare()
#8 /Applications/MAMP/htdocs/bdf1301/small_tiffany/yiiroot/framework/web/actions/CInlineAction.php(49): CCodeGenerator->actionIndex()
#9 /Applications/MAMP/htdocs/bdf1301/small_tiffany/yiiroot/framework/web/CController.php(308): CInlineAction->runWithParams(Array)
#10 /Applications/MAMP/htdocs/bdf1301/small_tiffany/yiiroot/framework/web/CController.php(286): CController->runAction(Object(CInlineAction))
#11 /Applications/MAMP/htdocs/bdf1301/small_tiffany/yiiroot/framework/web/CController.php(265): CController->runActionWithFilters(Object(CInlineAction), Array)
#12 /Applications/MAMP/htdocs/bdf1301/small_tiffany/yiiroot/framework/web/CWebApplication.php(282): CController->run('')
#13 /Applications/MAMP/htdocs/bdf1301/small_tiffany/yiiroot/framework/web/CWebApplication.php(141): CWebApplication->runController('gii/model')
#14 /Applications/MAMP/htdocs/bdf1301/small_tiffany/yiiroot/framework/base/CApplication.php(169): CWebApplication->processRequest()
#15 /Applications/MAMP/htdocs/bdf1301/small_tiffany/framework_read_data/index.php(13): CApplication->run()
#16 {main}
REQUEST_URI=/bdf1301/small_tiffany/framework_read_data/index.php?r=gii/model
HTTP_REFERER=http://localhost:8888/bdf1301/small_tiffany/framework_read_data/index.php?r=gii/model
---
2013/01/30 23:38:29 [error] [exception.CHttpException.403] exception 'CHttpException' with message 'You are not authorized to perform this action.' in /Applications/MAMP/htdocs/bdf1301/small_tiffany/yiiroot/framework/web/auth/CAccessControlFilter.php:179
Stack trace:
#0 /Applications/MAMP/htdocs/bdf1301/small_tiffany/yiiroot/framework/web/auth/CAccessControlFilter.php(142): CAccessControlFilter->accessDenied(Object(CWebUser), 'You are not aut...')
#1 /Applications/MAMP/htdocs/bdf1301/small_tiffany/yiiroot/framework/web/filters/CFilter.php(38): CAccessControlFilter->preFilter(Object(CFilterChain))
#2 /Applications/MAMP/htdocs/bdf1301/small_tiffany/yiiroot/framework/web/CController.php(1145): CFilter->filter(Object(CFilterChain))
#3 /Applications/MAMP/htdocs/bdf1301/small_tiffany/yiiroot/framework/web/filters/CInlineFilter.php(58): CController->filterAccessControl(Object(CFilterChain))
#4 /Applications/MAMP/htdocs/bdf1301/small_tiffany/yiiroot/framework/web/filters/CFilterChain.php(130): CInlineFilter->filter(Object(CFilterChain))
#5 /Applications/MAMP/htdocs/bdf1301/small_tiffany/yiiroot/framework/web/CController.php(291): CFilterChain->run()
#6 /Applications/MAMP/htdocs/bdf1301/small_tiffany/yiiroot/framework/web/CController.php(265): CController->runActionWithFilters(Object(CInlineAction), Array)
#7 /Applications/MAMP/htdocs/bdf1301/small_tiffany/yiiroot/framework/web/CWebApplication.php(282): CController->run('admin')
#8 /Applications/MAMP/htdocs/bdf1301/small_tiffany/yiiroot/framework/web/CWebApplication.php(141): CWebApplication->runController('book/admin')
#9 /Applications/MAMP/htdocs/bdf1301/small_tiffany/yiiroot/framework/base/CApplication.php(169): CWebApplication->processRequest()
#10 /Applications/MAMP/htdocs/bdf1301/small_tiffany/framework_read_data/index.php(13): CApplication->run()
#11 {main}
REQUEST_URI=/bdf1301/small_tiffany/framework_read_data/index.php?r=book/admin
HTTP_REFERER=http://localhost:8888/bdf1301/small_tiffany/framework_read_data/index.php?r=book
---
2013/01/30 23:38:34 [error] [exception.CHttpException.403] exception 'CHttpException' with message 'You are not authorized to perform this action.' in /Applications/MAMP/htdocs/bdf1301/small_tiffany/yiiroot/framework/web/auth/CAccessControlFilter.php:179
Stack trace:
#0 /Applications/MAMP/htdocs/bdf1301/small_tiffany/yiiroot/framework/web/auth/CAccessControlFilter.php(142): CAccessControlFilter->accessDenied(Object(CWebUser), 'You are not aut...')
#1 /Applications/MAMP/htdocs/bdf1301/small_tiffany/yiiroot/framework/web/filters/CFilter.php(38): CAccessControlFilter->preFilter(Object(CFilterChain))
#2 /Applications/MAMP/htdocs/bdf1301/small_tiffany/yiiroot/framework/web/CController.php(1145): CFilter->filter(Object(CFilterChain))
#3 /Applications/MAMP/htdocs/bdf1301/small_tiffany/yiiroot/framework/web/filters/CInlineFilter.php(58): CController->filterAccessControl(Object(CFilterChain))
#4 /Applications/MAMP/htdocs/bdf1301/small_tiffany/yiiroot/framework/web/filters/CFilterChain.php(130): CInlineFilter->filter(Object(CFilterChain))
#5 /Applications/MAMP/htdocs/bdf1301/small_tiffany/yiiroot/framework/web/CController.php(291): CFilterChain->run()
#6 /Applications/MAMP/htdocs/bdf1301/small_tiffany/yiiroot/framework/web/CController.php(265): CController->runActionWithFilters(Object(CInlineAction), Array)
#7 /Applications/MAMP/htdocs/bdf1301/small_tiffany/yiiroot/framework/web/CWebApplication.php(282): CController->run('admin')
#8 /Applications/MAMP/htdocs/bdf1301/small_tiffany/yiiroot/framework/web/CWebApplication.php(141): CWebApplication->runController('book/admin')
#9 /Applications/MAMP/htdocs/bdf1301/small_tiffany/yiiroot/framework/base/CApplication.php(169): CWebApplication->processRequest()
#10 /Applications/MAMP/htdocs/bdf1301/small_tiffany/framework_read_data/index.php(13): CApplication->run()
#11 {main}
REQUEST_URI=/bdf1301/small_tiffany/framework_read_data/index.php?r=book/admin
HTTP_REFERER=http://localhost:8888/bdf1301/small_tiffany/framework_read_data/index.php?r=book
---
2013/01/30 23:38:48 [error] [exception.CHttpException.403] exception 'CHttpException' with message 'You are not authorized to perform this action.' in /Applications/MAMP/htdocs/bdf1301/small_tiffany/yiiroot/framework/web/auth/CAccessControlFilter.php:179
Stack trace:
#0 /Applications/MAMP/htdocs/bdf1301/small_tiffany/yiiroot/framework/web/auth/CAccessControlFilter.php(142): CAccessControlFilter->accessDenied(Object(CWebUser), 'You are not aut...')
#1 /Applications/MAMP/htdocs/bdf1301/small_tiffany/yiiroot/framework/web/filters/CFilter.php(38): CAccessControlFilter->preFilter(Object(CFilterChain))
#2 /Applications/MAMP/htdocs/bdf1301/small_tiffany/yiiroot/framework/web/CController.php(1145): CFilter->filter(Object(CFilterChain))
#3 /Applications/MAMP/htdocs/bdf1301/small_tiffany/yiiroot/framework/web/filters/CInlineFilter.php(58): CController->filterAccessControl(Object(CFilterChain))
#4 /Applications/MAMP/htdocs/bdf1301/small_tiffany/yiiroot/framework/web/filters/CFilterChain.php(130): CInlineFilter->filter(Object(CFilterChain))
#5 /Applications/MAMP/htdocs/bdf1301/small_tiffany/yiiroot/framework/web/CController.php(291): CFilterChain->run()
#6 /Applications/MAMP/htdocs/bdf1301/small_tiffany/yiiroot/framework/web/CController.php(265): CController->runActionWithFilters(Object(CInlineAction), Array)
#7 /Applications/MAMP/htdocs/bdf1301/small_tiffany/yiiroot/framework/web/CWebApplication.php(282): CController->run('admin')
#8 /Applications/MAMP/htdocs/bdf1301/small_tiffany/yiiroot/framework/web/CWebApplication.php(141): CWebApplication->runController('book/admin')
#9 /Applications/MAMP/htdocs/bdf1301/small_tiffany/yiiroot/framework/base/CApplication.php(169): CWebApplication->processRequest()
#10 /Applications/MAMP/htdocs/bdf1301/small_tiffany/framework_read_data/index.php(13): CApplication->run()
#11 {main}
REQUEST_URI=/bdf1301/small_tiffany/framework_read_data/index.php?r=book/admin
HTTP_REFERER=http://localhost:8888/bdf1301/small_tiffany/framework_read_data/index.php?r=book
---
2013/01/30 23:38:52 [error] [exception.CHttpException.403] exception 'CHttpException' with message 'You are not authorized to perform this action.' in /Applications/MAMP/htdocs/bdf1301/small_tiffany/yiiroot/framework/web/auth/CAccessControlFilter.php:179
Stack trace:
#0 /Applications/MAMP/htdocs/bdf1301/small_tiffany/yiiroot/framework/web/auth/CAccessControlFilter.php(142): CAccessControlFilter->accessDenied(Object(CWebUser), 'You are not aut...')
#1 /Applications/MAMP/htdocs/bdf1301/small_tiffany/yiiroot/framework/web/filters/CFilter.php(38): CAccessControlFilter->preFilter(Object(CFilterChain))
#2 /Applications/MAMP/htdocs/bdf1301/small_tiffany/yiiroot/framework/web/CController.php(1145): CFilter->filter(Object(CFilterChain))
#3 /Applications/MAMP/htdocs/bdf1301/small_tiffany/yiiroot/framework/web/filters/CInlineFilter.php(58): CController->filterAccessControl(Object(CFilterChain))
#4 /Applications/MAMP/htdocs/bdf1301/small_tiffany/yiiroot/framework/web/filters/CFilterChain.php(130): CInlineFilter->filter(Object(CFilterChain))
#5 /Applications/MAMP/htdocs/bdf1301/small_tiffany/yiiroot/framework/web/CController.php(291): CFilterChain->run()
#6 /Applications/MAMP/htdocs/bdf1301/small_tiffany/yiiroot/framework/web/CController.php(265): CController->runActionWithFilters(Object(CInlineAction), Array)
#7 /Applications/MAMP/htdocs/bdf1301/small_tiffany/yiiroot/framework/web/CWebApplication.php(282): CController->run('admin')
#8 /Applications/MAMP/htdocs/bdf1301/small_tiffany/yiiroot/framework/web/CWebApplication.php(141): CWebApplication->runController('book/admin')
#9 /Applications/MAMP/htdocs/bdf1301/small_tiffany/yiiroot/framework/base/CApplication.php(169): CWebApplication->processRequest()
#10 /Applications/MAMP/htdocs/bdf1301/small_tiffany/framework_read_data/index.php(13): CApplication->run()
#11 {main}
REQUEST_URI=/bdf1301/small_tiffany/framework_read_data/index.php?r=book/admin
HTTP_REFERER=http://localhost:8888/bdf1301/small_tiffany/framework_read_data/index.php?r=book/view&id=3
---
